[2025-07-10T14:52:00.034Z] ❌ Error: read ECONNRESET
[2025-07-10T14:53:00.021Z] ❌ Error: read ECONNRESET
[2025-07-10T14:54:00.027Z] ❌ Error: read ECONNRESET
[2025-07-10T14:55:00.029Z] ❌ Error: read ECONNRESET
[2025-07-10T14:56:00.054Z] ❌ Error: read ECONNRESET
[2025-07-10T14:57:00.030Z] ❌ Error: getaddrinfo ENOTFOUND dpg-d1fstmvfte5s73fub79g-a.oregon-postgres.render.com
[2025-08-19T13:38:00.039Z] Error: getaddrinfo ENOTFOUND db.ydowksoccruwakgnuxhj.supabase.co
[2025-08-19T13:39:00.044Z] Error: getaddrinfo ENOTFOUND db.ydowksoccruwakgnuxhj.supabase.co
[2025-08-19T13:40:00.017Z] Error: getaddrinfo ENOTFOUND db.ydowksoccruwakgnuxhj.supabase.co
[2025-08-19T13:41:00.037Z] Error: getaddrinfo ENOTFOUND db.ydowksoccruwakgnuxhj.supabase.co
[2025-08-19T13:42:00.026Z] Error: getaddrinfo ENOTFOUND db.ydowksoccruwakgnuxhj.supabase.co
[2025-08-19T13:43:00.033Z] Error: getaddrinfo ENOTFOUND db.ydowksoccruwakgnuxhj.supabase.co
[2025-08-19T13:44:00.045Z] Error: getaddrinfo ENOTFOUND db.ydowksoccruwakgnuxhj.supabase.co
[2025-08-19T13:45:00.035Z] Error: getaddrinfo ENOTFOUND db.ydowksoccruwakgnuxhj.supabase.co
[2025-08-19T13:46:00.019Z] Error: getaddrinfo ENOTFOUND db.ydowksoccruwakgnuxhj.supabase.co
[2025-08-19T13:47:00.057Z] Error: getaddrinfo ENOTFOUND db.ydowksoccruwakgnuxhj.supabase.co
[2025-08-19T13:48:00.019Z] Error: getaddrinfo ENOTFOUND db.ydowksoccruwakgnuxhj.supabase.co
[2025-08-19T13:49:00.048Z] Error: getaddrinfo ENOTFOUND db.ydowksoccruwakgnuxhj.supabase.co
[2025-08-19T13:50:00.038Z] Error: getaddrinfo ENOTFOUND db.ydowksoccruwakgnuxhj.supabase.co
[2025-08-19T13:51:00.023Z] Error: getaddrinfo ENOTFOUND db.ydowksoccruwakgnuxhj.supabase.co
[2025-08-19T13:52:00.024Z] Error: getaddrinfo ENOTFOUND db.ydowksoccruwakgnuxhj.supabase.co
[2025-08-19T13:53:00.047Z] Error: getaddrinfo ENOTFOUND db.ydowksoccruwakgnuxhj.supabase.co
[2025-08-19T13:54:00.028Z] Error: getaddrinfo ENOTFOUND db.ydowksoccruwakgnuxhj.supabase.co
[2025-08-19T13:55:00.046Z] Error: getaddrinfo ENOTFOUND db.ydowksoccruwakgnuxhj.supabase.co
[2025-08-19T13:56:00.042Z] Error: getaddrinfo ENOTFOUND db.ydowksoccruwakgnuxhj.supabase.co
[2025-08-19T13:57:00.040Z] Error: getaddrinfo ENOTFOUND db.ydowksoccruwakgnuxhj.supabase.co
[2025-08-19T13:58:00.031Z] Error: getaddrinfo ENOTFOUND db.ydowksoccruwakgnuxhj.supabase.co
[2025-08-19T13:59:00.037Z] Error: getaddrinfo ENOTFOUND db.ydowksoccruwakgnuxhj.supabase.co
[2025-08-19T14:00:00.043Z] Error: getaddrinfo ENOTFOUND db.ydowksoccruwakgnuxhj.supabase.co
[2025-08-19T14:01:00.040Z] Error: getaddrinfo ENOTFOUND db.ydowksoccruwakgnuxhj.supabase.co
[2025-08-19T14:02:00.033Z] Error: getaddrinfo ENOTFOUND db.ydowksoccruwakgnuxhj.supabase.co
[2025-08-19T14:03:00.029Z] Error: getaddrinfo ENOTFOUND db.ydowksoccruwakgnuxhj.supabase.co
[2025-08-19T14:04:00.043Z] Error: getaddrinfo ENOTFOUND db.ydowksoccruwakgnuxhj.supabase.co
[2025-08-19T14:05:00.058Z] Error: getaddrinfo ENOTFOUND db.ydowksoccruwakgnuxhj.supabase.co
[2025-08-19T14:06:00.035Z] Error: getaddrinfo ENOTFOUND db.ydowksoccruwakgnuxhj.supabase.co
[2025-08-19T14:07:00.028Z] Error: getaddrinfo ENOTFOUND db.ydowksoccruwakgnuxhj.supabase.co
[2025-08-19T14:08:00.034Z] Error: getaddrinfo ENOTFOUND db.ydowksoccruwakgnuxhj.supabase.co
[2025-08-19T14:09:00.021Z] Error: getaddrinfo ENOTFOUND db.ydowksoccruwakgnuxhj.supabase.co
[2025-08-19T14:10:00.046Z] Error: getaddrinfo ENOTFOUND db.ydowksoccruwakgnuxhj.supabase.co
[2025-08-19T14:11:00.027Z] Error: getaddrinfo ENOTFOUND db.ydowksoccruwakgnuxhj.supabase.co
[2025-08-19T14:12:00.028Z] Error: getaddrinfo ENOTFOUND db.ydowksoccruwakgnuxhj.supabase.co
[2025-08-19T14:13:00.041Z] Error: getaddrinfo ENOTFOUND db.ydowksoccruwakgnuxhj.supabase.co
[2025-08-19T14:14:00.030Z] Error: getaddrinfo ENOTFOUND db.ydowksoccruwakgnuxhj.supabase.co
[2025-08-19T14:15:00.033Z] Error: getaddrinfo ENOTFOUND db.ydowksoccruwakgnuxhj.supabase.co
[2025-08-19T14:16:00.039Z] Error: getaddrinfo ENOTFOUND db.ydowksoccruwakgnuxhj.supabase.co
[2025-08-19T14:17:00.038Z] Error: getaddrinfo ENOTFOUND db.ydowksoccruwakgnuxhj.supabase.co
[2025-08-19T14:18:00.042Z] Error: getaddrinfo ENOTFOUND db.ydowksoccruwakgnuxhj.supabase.co
[2025-08-19T14:19:00.030Z] Error: getaddrinfo ENOTFOUND db.ydowksoccruwakgnuxhj.supabase.co
[2025-08-19T14:20:00.040Z] Error: getaddrinfo ENOTFOUND db.ydowksoccruwakgnuxhj.supabase.co
[2025-08-19T14:21:00.040Z] Error: getaddrinfo ENOTFOUND db.ydowksoccruwakgnuxhj.supabase.co
[2025-08-19T14:22:00.036Z] Error: getaddrinfo ENOTFOUND db.ydowksoccruwakgnuxhj.supabase.co
[2025-08-19T14:23:00.033Z] Error: getaddrinfo ENOTFOUND db.ydowksoccruwakgnuxhj.supabase.co
[2025-08-19T14:24:00.034Z] Error: getaddrinfo ENOTFOUND db.ydowksoccruwakgnuxhj.supabase.co
[2025-08-19T14:25:00.042Z] Error: getaddrinfo ENOTFOUND db.ydowksoccruwakgnuxhj.supabase.co
[2025-08-19T14:26:00.038Z] Error: getaddrinfo ENOTFOUND db.ydowksoccruwakgnuxhj.supabase.co
[2025-08-19T14:27:00.040Z] Error: getaddrinfo ENOTFOUND db.ydowksoccruwakgnuxhj.supabase.co
[2025-08-19T14:28:00.033Z] Error: getaddrinfo ENOTFOUND db.ydowksoccruwakgnuxhj.supabase.co
[2025-08-19T14:29:00.049Z] Error: getaddrinfo ENOTFOUND db.ydowksoccruwakgnuxhj.supabase.co
[2025-08-19T14:30:00.026Z] Error: getaddrinfo ENOTFOUND db.ydowksoccruwakgnuxhj.supabase.co
[2025-08-19T14:31:00.025Z] Error: getaddrinfo ENOTFOUND db.ydowksoccruwakgnuxhj.supabase.co
[2025-08-19T14:32:00.028Z] Error: getaddrinfo ENOTFOUND db.ydowksoccruwakgnuxhj.supabase.co
[2025-08-19T14:33:00.044Z] Error: getaddrinfo ENOTFOUND db.ydowksoccruwakgnuxhj.supabase.co
[2025-08-19T14:34:00.025Z] Error: getaddrinfo ENOTFOUND db.ydowksoccruwakgnuxhj.supabase.co
[2025-08-19T14:35:00.047Z] Error: getaddrinfo ENOTFOUND db.ydowksoccruwakgnuxhj.supabase.co
[2025-08-19T14:36:00.041Z] Error: getaddrinfo ENOTFOUND db.ydowksoccruwakgnuxhj.supabase.co
[2025-08-19T14:37:00.039Z] Error: getaddrinfo ENOTFOUND db.ydowksoccruwakgnuxhj.supabase.co
[2025-08-19T14:38:00.035Z] Error: getaddrinfo ENOTFOUND db.ydowksoccruwakgnuxhj.supabase.co
[2025-08-19T14:39:00.061Z] Error: getaddrinfo ENOTFOUND db.ydowksoccruwakgnuxhj.supabase.co
[2025-08-19T14:40:00.048Z] Error: getaddrinfo ENOTFOUND db.ydowksoccruwakgnuxhj.supabase.co
[2025-08-19T14:41:00.045Z] Error: getaddrinfo ENOTFOUND db.ydowksoccruwakgnuxhj.supabase.co
[2025-08-19T14:42:00.035Z] Error: getaddrinfo ENOTFOUND db.ydowksoccruwakgnuxhj.supabase.co
[2025-08-19T14:43:00.032Z] Error: getaddrinfo ENOTFOUND db.ydowksoccruwakgnuxhj.supabase.co
[2025-08-19T14:44:00.047Z] Error: getaddrinfo ENOTFOUND db.ydowksoccruwakgnuxhj.supabase.co
[2025-08-19T14:45:00.048Z] Error: getaddrinfo ENOTFOUND db.ydowksoccruwakgnuxhj.supabase.co
[2025-08-19T14:46:00.025Z] Error: getaddrinfo ENOTFOUND db.ydowksoccruwakgnuxhj.supabase.co
[2025-08-19T14:47:00.031Z] Error: getaddrinfo ENOTFOUND db.ydowksoccruwakgnuxhj.supabase.co
[2025-08-19T14:48:00.058Z] Error: getaddrinfo ENOTFOUND db.ydowksoccruwakgnuxhj.supabase.co
[2025-08-19T14:49:00.039Z] Error: getaddrinfo ENOTFOUND db.ydowksoccruwakgnuxhj.supabase.co
[2025-08-19T14:50:00.034Z] Error: getaddrinfo ENOTFOUND db.ydowksoccruwakgnuxhj.supabase.co
[2025-08-19T14:51:00.044Z] Error: getaddrinfo ENOTFOUND db.ydowksoccruwakgnuxhj.supabase.co
[2025-08-19T14:52:00.048Z] Error: getaddrinfo ENOTFOUND db.ydowksoccruwakgnuxhj.supabase.co
[2025-08-19T14:53:00.044Z] Error: getaddrinfo ENOTFOUND db.ydowksoccruwakgnuxhj.supabase.co
[2025-08-19T14:54:00.036Z] Error: getaddrinfo ENOTFOUND db.ydowksoccruwakgnuxhj.supabase.co
[2025-08-19T14:55:00.042Z] Error: getaddrinfo ENOTFOUND db.ydowksoccruwakgnuxhj.supabase.co
[2025-08-19T14:56:00.033Z] Error: getaddrinfo ENOTFOUND db.ydowksoccruwakgnuxhj.supabase.co
[2025-08-19T14:57:00.018Z] Error: getaddrinfo ENOTFOUND db.ydowksoccruwakgnuxhj.supabase.co
[2025-08-19T14:58:00.030Z] Error: getaddrinfo ENOTFOUND db.ydowksoccruwakgnuxhj.supabase.co
[2025-08-19T15:08:00.041Z] Error: getaddrinfo ENOTFOUND db.ydowksoccruwakgnuxhj.supabase.co
[2025-08-19T15:09:00.043Z] Error: getaddrinfo ENOTFOUND db.ydowksoccruwakgnuxhj.supabase.co
[2025-08-19T15:10:00.040Z] Error: getaddrinfo ENOTFOUND db.ydowksoccruwakgnuxhj.supabase.co
[2025-08-19T15:11:00.029Z] Error: getaddrinfo ENOTFOUND db.ydowksoccruwakgnuxhj.supabase.co
[2025-08-19T15:13:00.046Z] Error: getaddrinfo ENOTFOUND db.ydowksoccruwakgnuxhj.supabase.co
[2025-08-19T15:14:00.051Z] Error: getaddrinfo ENOTFOUND db.ydowksoccruwakgnuxhj.supabase.co
[2025-08-19T15:15:00.029Z] Error: getaddrinfo ENOTFOUND db.ydowksoccruwakgnuxhj.supabase.co
[2025-08-19T15:16:00.025Z] Error: getaddrinfo ENOTFOUND db.ydowksoccruwakgnuxhj.supabase.co
[2025-08-19T15:17:00.032Z] Error: getaddrinfo ENOTFOUND db.ydowksoccruwakgnuxhj.supabase.co
[2025-08-19T15:18:00.042Z] Error: getaddrinfo ENOTFOUND db.ydowksoccruwakgnuxhj.supabase.co
[2025-08-19T15:19:00.043Z] Error: getaddrinfo ENOTFOUND db.ydowksoccruwakgnuxhj.supabase.co
[2025-08-19T15:20:00.036Z] Error: getaddrinfo ENOTFOUND db.ydowksoccruwakgnuxhj.supabase.co
[2025-08-19T15:21:00.047Z] Error: getaddrinfo ENOTFOUND db.ydowksoccruwakgnuxhj.supabase.co
[2025-08-19T15:22:00.032Z] Error: getaddrinfo ENOTFOUND db.ydowksoccruwakgnuxhj.supabase.co
[2025-08-19T15:23:00.038Z] Error: getaddrinfo ENOTFOUND db.ydowksoccruwakgnuxhj.supabase.co
[2025-08-19T15:24:00.032Z] Error: getaddrinfo ENOTFOUND db.ydowksoccruwakgnuxhj.supabase.co
[2025-08-19T15:25:00.025Z] Error: getaddrinfo ENOTFOUND db.ydowksoccruwakgnuxhj.supabase.co
[2025-08-19T15:26:00.040Z] Error: getaddrinfo ENOTFOUND db.ydowksoccruwakgnuxhj.supabase.co
[2025-08-19T15:28:00.032Z] Error: getaddrinfo ENOTFOUND db.ydowksoccruwakgnuxhj.supabase.co
[2025-08-19T15:29:00.043Z] Error: getaddrinfo ENOTFOUND db.ydowksoccruwakgnuxhj.supabase.co
[2025-08-19T15:30:00.041Z] Error: getaddrinfo ENOTFOUND db.ydowksoccruwakgnuxhj.supabase.co
[2025-08-19T15:31:00.046Z] Error: getaddrinfo ENOTFOUND db.ydowksoccruwakgnuxhj.supabase.co
[2025-08-19T15:32:00.033Z] Error: getaddrinfo ENOTFOUND db.ydowksoccruwakgnuxhj.supabase.co
[2025-08-19T15:33:00.054Z] Error: getaddrinfo ENOTFOUND db.ydowksoccruwakgnuxhj.supabase.co
[2025-08-19T15:34:00.045Z] Error: getaddrinfo ENOTFOUND db.ydowksoccruwakgnuxhj.supabase.co
[2025-08-19T15:35:00.031Z] Error: getaddrinfo ENOTFOUND db.ydowksoccruwakgnuxhj.supabase.co
[2025-08-19T15:36:00.049Z] Error: getaddrinfo ENOTFOUND db.ydowksoccruwakgnuxhj.supabase.co
[2025-08-19T15:37:00.046Z] Error: getaddrinfo ENOTFOUND db.ydowksoccruwakgnuxhj.supabase.co
[2025-08-19T15:38:00.055Z] Error: getaddrinfo ENOTFOUND db.ydowksoccruwakgnuxhj.supabase.co
[2025-08-19T15:39:00.059Z] Error: getaddrinfo ENOTFOUND db.ydowksoccruwakgnuxhj.supabase.co
[2025-08-19T15:40:00.055Z] Error: getaddrinfo ENOTFOUND db.ydowksoccruwakgnuxhj.supabase.co
[2025-08-19T15:41:00.047Z] Error: getaddrinfo ENOTFOUND db.ydowksoccruwakgnuxhj.supabase.co
[2025-08-19T15:42:00.041Z] Error: getaddrinfo ENOTFOUND db.ydowksoccruwakgnuxhj.supabase.co
[2025-08-19T15:43:00.053Z] Error: getaddrinfo ENOTFOUND db.ydowksoccruwakgnuxhj.supabase.co
[2025-08-19T15:44:00.045Z] Error: getaddrinfo ENOTFOUND db.ydowksoccruwakgnuxhj.supabase.co
[2025-08-19T15:45:00.036Z] Error: getaddrinfo ENOTFOUND db.ydowksoccruwakgnuxhj.supabase.co
[2025-08-19T15:46:00.035Z] Error: getaddrinfo ENOTFOUND db.ydowksoccruwakgnuxhj.supabase.co
[2025-08-19T15:47:00.019Z] Error: getaddrinfo ENOTFOUND db.ydowksoccruwakgnuxhj.supabase.co
[2025-08-19T15:48:00.042Z] Error: getaddrinfo ENOTFOUND db.ydowksoccruwakgnuxhj.supabase.co
[2025-08-19T15:49:00.052Z] Error: getaddrinfo ENOTFOUND db.ydowksoccruwakgnuxhj.supabase.co
[2025-08-19T15:50:00.042Z] Error: getaddrinfo ENOTFOUND db.ydowksoccruwakgnuxhj.supabase.co
[2025-08-19T15:51:00.044Z] Error: getaddrinfo ENOTFOUND db.ydowksoccruwakgnuxhj.supabase.co
[2025-08-19T15:52:00.036Z] Error: getaddrinfo ENOTFOUND db.ydowksoccruwakgnuxhj.supabase.co
[2025-08-21T16:52:00.074Z] Error: getaddrinfo ENOTFOUND db.ydowksoccruwakgnuxhj.supabase.co
[2025-08-21T16:53:00.041Z] Error: getaddrinfo ENOTFOUND db.ydowksoccruwakgnuxhj.supabase.co
[2025-08-21T16:54:00.023Z] Error: getaddrinfo ENOTFOUND db.ydowksoccruwakgnuxhj.supabase.co
[2025-08-21T16:55:00.037Z] Error: getaddrinfo ENOTFOUND db.ydowksoccruwakgnuxhj.supabase.co
[2025-08-21T16:56:00.041Z] Error: getaddrinfo ENOTFOUND db.ydowksoccruwakgnuxhj.supabase.co
[2025-08-21T16:57:00.046Z] Error: getaddrinfo ENOTFOUND db.ydowksoccruwakgnuxhj.supabase.co
[2025-08-21T16:58:00.040Z] Error: getaddrinfo ENOTFOUND db.ydowksoccruwakgnuxhj.supabase.co
[2025-08-21T16:59:00.026Z] Error: getaddrinfo ENOTFOUND db.ydowksoccruwakgnuxhj.supabase.co
[2025-08-21T17:00:00.062Z] Error: getaddrinfo ENOTFOUND db.ydowksoccruwakgnuxhj.supabase.co
[2025-08-21T17:01:00.034Z] Error: getaddrinfo ENOTFOUND db.ydowksoccruwakgnuxhj.supabase.co
[2025-08-21T17:02:00.040Z] Error: getaddrinfo ENOTFOUND db.ydowksoccruwakgnuxhj.supabase.co
[2025-08-21T17:03:00.024Z] Error: getaddrinfo ENOTFOUND db.ydowksoccruwakgnuxhj.supabase.co
[2025-08-21T17:04:00.044Z] Error: getaddrinfo ENOTFOUND db.ydowksoccruwakgnuxhj.supabase.co
[2025-08-21T17:05:00.044Z] Error: getaddrinfo ENOTFOUND db.ydowksoccruwakgnuxhj.supabase.co
[2025-08-21T17:06:00.021Z] Error: getaddrinfo ENOTFOUND db.ydowksoccruwakgnuxhj.supabase.co
[2025-08-21T17:07:00.027Z] Error: getaddrinfo ENOTFOUND db.ydowksoccruwakgnuxhj.supabase.co
[2025-08-21T17:08:00.041Z] Error: getaddrinfo ENOTFOUND db.ydowksoccruwakgnuxhj.supabase.co
[2025-08-21T17:09:00.041Z] Error: getaddrinfo ENOTFOUND db.ydowksoccruwakgnuxhj.supabase.co
[2025-08-21T17:10:00.020Z] Error: getaddrinfo ENOTFOUND db.ydowksoccruwakgnuxhj.supabase.co
[2025-08-21T17:11:00.036Z] Error: getaddrinfo ENOTFOUND db.ydowksoccruwakgnuxhj.supabase.co
[2025-08-21T17:12:00.044Z] Error: getaddrinfo ENOTFOUND db.ydowksoccruwakgnuxhj.supabase.co
[2025-08-21T17:13:00.045Z] Error: getaddrinfo ENOTFOUND db.ydowksoccruwakgnuxhj.supabase.co
[2025-08-21T17:14:00.033Z] Error: getaddrinfo ENOTFOUND db.ydowksoccruwakgnuxhj.supabase.co
[2025-08-21T17:15:00.037Z] Error: getaddrinfo ENOTFOUND db.ydowksoccruwakgnuxhj.supabase.co
[2025-08-21T17:16:00.038Z] Error: getaddrinfo ENOTFOUND db.ydowksoccruwakgnuxhj.supabase.co
[2025-08-21T17:17:00.046Z] Error: getaddrinfo ENOTFOUND db.ydowksoccruwakgnuxhj.supabase.co
[2025-08-21T17:18:00.067Z] Error: getaddrinfo ENOTFOUND db.ydowksoccruwakgnuxhj.supabase.co
[2025-08-21T17:19:00.048Z] Error: getaddrinfo ENOTFOUND db.ydowksoccruwakgnuxhj.supabase.co
[2025-08-21T17:20:00.039Z] Error: getaddrinfo ENOTFOUND db.ydowksoccruwakgnuxhj.supabase.co
[2025-08-21T17:21:00.044Z] Error: getaddrinfo ENOTFOUND db.ydowksoccruwakgnuxhj.supabase.co
[2025-08-21T17:22:00.029Z] Error: getaddrinfo ENOTFOUND db.ydowksoccruwakgnuxhj.supabase.co
[2025-08-21T17:23:00.090Z] Error: getaddrinfo ENOTFOUND db.ydowksoccruwakgnuxhj.supabase.co
[2025-08-21T17:24:00.045Z] Error: getaddrinfo ENOTFOUND db.ydowksoccruwakgnuxhj.supabase.co
[2025-08-21T17:25:00.036Z] Error: getaddrinfo ENOTFOUND db.ydowksoccruwakgnuxhj.supabase.co
[2025-08-21T17:26:00.021Z] Error: getaddrinfo ENOTFOUND db.ydowksoccruwakgnuxhj.supabase.co
[2025-08-21T17:27:00.050Z] Error: getaddrinfo ENOTFOUND db.ydowksoccruwakgnuxhj.supabase.co
[2025-08-21T17:28:00.035Z] Error: getaddrinfo ENOTFOUND db.ydowksoccruwakgnuxhj.supabase.co
[2025-08-21T17:29:00.040Z] Error: getaddrinfo ENOTFOUND db.ydowksoccruwakgnuxhj.supabase.co
[2025-08-21T17:30:00.031Z] Error: getaddrinfo ENOTFOUND db.ydowksoccruwakgnuxhj.supabase.co
[2025-08-21T17:31:00.039Z] Error: getaddrinfo ENOTFOUND db.ydowksoccruwakgnuxhj.supabase.co
[2025-08-21T17:32:00.040Z] Error: getaddrinfo ENOTFOUND db.ydowksoccruwakgnuxhj.supabase.co
[2025-08-21T17:33:00.038Z] Error: getaddrinfo ENOTFOUND db.ydowksoccruwakgnuxhj.supabase.co
[2025-08-21T17:34:00.035Z] Error: getaddrinfo ENOTFOUND db.ydowksoccruwakgnuxhj.supabase.co
[2025-08-21T17:35:00.029Z] Error: getaddrinfo ENOTFOUND db.ydowksoccruwakgnuxhj.supabase.co
[2025-08-21T17:36:00.033Z] Error: getaddrinfo ENOTFOUND db.ydowksoccruwakgnuxhj.supabase.co
[2025-08-21T17:37:00.041Z] Error: getaddrinfo ENOTFOUND db.ydowksoccruwakgnuxhj.supabase.co
[2025-08-21T17:38:00.036Z] Error: getaddrinfo ENOTFOUND db.ydowksoccruwakgnuxhj.supabase.co
[2025-08-21T17:39:00.034Z] Error: getaddrinfo ENOTFOUND db.ydowksoccruwakgnuxhj.supabase.co
[2025-08-21T17:40:00.032Z] Error: getaddrinfo ENOTFOUND db.ydowksoccruwakgnuxhj.supabase.co
[2025-08-21T17:41:00.041Z] Error: getaddrinfo ENOTFOUND db.ydowksoccruwakgnuxhj.supabase.co
[2025-08-21T17:42:00.026Z] Error: getaddrinfo ENOTFOUND db.ydowksoccruwakgnuxhj.supabase.co
[2025-08-21T17:43:00.024Z] Error: getaddrinfo ENOTFOUND db.ydowksoccruwakgnuxhj.supabase.co
[2025-08-21T17:44:00.026Z] Error: getaddrinfo ENOTFOUND db.ydowksoccruwakgnuxhj.supabase.co
[2025-08-21T17:45:00.040Z] Error: getaddrinfo ENOTFOUND db.ydowksoccruwakgnuxhj.supabase.co
[2025-08-21T17:46:00.026Z] Error: getaddrinfo ENOTFOUND db.ydowksoccruwakgnuxhj.supabase.co
[2025-08-21T17:47:00.037Z] Error: getaddrinfo ENOTFOUND db.ydowksoccruwakgnuxhj.supabase.co
[2025-08-21T17:48:00.035Z] Error: getaddrinfo ENOTFOUND db.ydowksoccruwakgnuxhj.supabase.co
[2025-08-22T14:24:00.039Z] Cleaned up 0 expired ride(s)
[2025-08-22T14:25:00.032Z] Cleaned up 0 expired ride(s)
[2025-08-22T14:26:00.063Z] Cleaned up 0 expired ride(s)
[2025-08-22T14:34:00.037Z] Cleaned up 0 expired ride(s)
[2025-08-22T14:35:00.026Z] Cleaned up 0 expired ride(s)
[2025-08-22T14:41:00.038Z] Cleaned up 0 expired ride(s)
[2025-08-22T14:42:00.021Z] Cleaned up 0 expired ride(s)
[2025-08-22T14:43:00.040Z] Cleaned up 0 expired ride(s)
[2025-08-22T16:27:00.035Z] Cleaned up 0 expired ride(s)
[2025-08-22T16:28:00.018Z] Cleaned up 0 expired ride(s)
[2025-08-22T16:29:00.020Z] Cleaned up 0 expired ride(s)
[2025-08-22T16:30:00.044Z] Cleaned up 0 expired ride(s)
[2025-08-22T16:31:00.057Z] Cleaned up 0 expired ride(s)
[2025-08-22T16:32:00.035Z] Cleaned up 0 expired ride(s)
[2025-08-22T16:33:00.034Z] Cleaned up 0 expired ride(s)
[2025-08-22T16:34:00.034Z] Cleaned up 0 expired ride(s)
[2025-08-22T16:35:00.036Z] Cleaned up 0 expired ride(s)
[2025-08-22T16:36:00.029Z] Cleaned up 0 expired ride(s)
[2025-08-22T16:37:00.046Z] Cleaned up 0 expired ride(s)
[2025-08-22T16:38:00.050Z] Cleaned up 0 expired ride(s)
[2025-08-22T16:39:00.037Z] Cleaned up 0 expired ride(s)
[2025-08-22T16:40:00.034Z] Cleaned up 0 expired ride(s)
[2025-08-22T16:54:00.029Z] Cleaned up 0 expired ride(s)
[2025-08-22T16:55:00.051Z] Cleaned up 0 expired ride(s)
[2025-08-22T16:56:00.048Z] Cleaned up 0 expired ride(s)
[2025-08-22T16:57:00.023Z] Cleaned up 0 expired ride(s)
[2025-08-22T16:58:00.034Z] Cleaned up 0 expired ride(s)
[2025-08-22T16:59:00.021Z] Cleaned up 0 expired ride(s)
[2025-08-29T12:19:00.034Z] Cleaned up 0 expired ride(s)
[2025-08-29T12:20:00.035Z] Cleaned up 0 expired ride(s)
[2025-08-29T12:21:00.042Z] Cleaned up 0 expired ride(s)
[2025-08-29T12:22:00.045Z] Cleaned up 0 expired ride(s)
[2025-08-29T12:23:00.047Z] Cleaned up 0 expired ride(s)
[2025-08-29T12:24:00.050Z] Cleaned up 0 expired ride(s)
[2025-08-29T12:42:00.054Z] Cleaned up 0 expired ride(s)
[2025-09-09T12:00:00.040Z] Cleaned up 0 expired ride(s)
[2025-09-12T17:12:00.042Z] Cleaned up 0 expired ride(s)
[2025-09-12T17:13:00.036Z] Cleaned up 0 expired ride(s)
[2025-09-12T17:14:00.031Z] Cleaned up 0 expired ride(s)
[2025-09-13T09:42:00.053Z] Cleaned up 0 expired ride(s)
[2025-11-07T17:03:00.046Z] Error: Tenant or user not found
[2025-11-07T17:04:00.045Z] Error: Tenant or user not found
[2025-11-07T17:05:00.042Z] Error: Tenant or user not found
[2025-11-07T17:06:00.050Z] Cleaned up 0 expired ride(s)
[2025-11-07T18:52:00.037Z] Cleaned up 0 expired ride(s)
[2025-11-09T14:28:00.034Z] Cleaned up 0 expired ride(s)
[2025-11-09T14:29:00.020Z] Cleaned up 0 expired ride(s)
[2025-11-09T14:30:00.037Z] Cleaned up 0 expired ride(s)
[2025-11-09T14:31:00.019Z] Cleaned up 0 expired ride(s)
[2025-11-09T14:32:00.018Z] Cleaned up 0 expired ride(s)
[2025-11-09T14:33:00.031Z] Cleaned up 0 expired ride(s)
[2025-11-09T14:34:00.034Z] Cleaned up 0 expired ride(s)
[2025-11-09T14:35:00.033Z] Cleaned up 0 expired ride(s)
[2025-11-09T14:36:00.032Z] Cleaned up 0 expired ride(s)
[2025-11-09T14:43:00.031Z] Cleaned up 0 expired ride(s)
[2025-11-09T14:44:00.025Z] Cleaned up 0 expired ride(s)
[2025-11-09T14:45:00.020Z] Cleaned up 0 expired ride(s)
[2025-11-09T14:46:00.054Z] Cleaned up 0 expired ride(s)
[2025-11-09T14:47:00.023Z] Cleaned up 0 expired ride(s)
[2025-11-09T14:48:00.029Z] Cleaned up 0 expired ride(s)
[2025-11-09T14:49:00.042Z] Cleaned up 0 expired ride(s)
[2025-11-09T14:50:00.026Z] Cleaned up 0 expired ride(s)
[2025-11-09T14:52:00.042Z] Cleaned up 0 expired ride(s)
[2025-11-09T14:53:00.033Z] Cleaned up 0 expired ride(s)
[2025-11-09T15:01:00.047Z] Cleaned up 0 expired ride(s)
[2025-11-09T15:02:00.034Z] Cleaned up 0 expired ride(s)
[2025-11-09T15:03:00.040Z] Cleaned up 0 expired ride(s)
[2025-11-09T15:04:00.045Z] Cleaned up 0 expired ride(s)
[2025-11-09T15:05:00.048Z] Cleaned up 0 expired ride(s)
[2025-11-09T15:06:00.043Z] Cleaned up 0 expired ride(s)
[2025-11-09T17:29:00.048Z] Cleaned up 0 expired ride(s)
[2025-11-09T17:30:00.024Z] Cleaned up 0 expired ride(s)
[2025-11-09T17:31:00.029Z] Cleaned up 0 expired ride(s)
[2025-11-09T17:32:00.039Z] Cleaned up 0 expired ride(s)
[2025-11-09T17:33:00.018Z] Cleaned up 0 expired ride(s)
[2025-11-09T17:34:00.057Z] Cleaned up 0 expired ride(s)
[2025-11-11T08:03:00.047Z] Cleaned up 0 expired ride(s)
[2025-11-11T08:04:00.045Z] Cleaned up 0 expired ride(s)
[2025-11-11T09:29:00.030Z] Cleaned up 0 expired ride(s)
[2025-11-11T09:30:00.036Z] Cleaned up 0 expired ride(s)
[2025-11-11T09:31:00.037Z] Cleaned up 0 expired ride(s)
